"../../../Engine/Content/Functions/Engine_MaterialFunctions01/Shading/PowerToRoughness.uasset" 0
"../../../Engine/Content/Functions/Engine_MaterialFunctions01/Shading/PowerToRoughness.uexp" 1
"../../../Engine/Content/Functions/Engine_MaterialFunctions01/Shading/ConvertFromDiffSpec.uasset" 2
"../../../Engine/Content/Functions/Engine_MaterialFunctions01/Shading/ConvertFromDiffSpec.uexp" 3
"../../../Engine/Content/EngineSounds/Master.uasset" 4
"../../../Engine/Content/EngineSounds/Master.uexp" 5
"../../../Engine/Content/EngineSky/VolumetricClouds/CloudWeatherTexture.uasset" 6
"../../../Engine/Content/EngineSky/VolumetricClouds/CloudWeatherTexture.uexp" 7
"../../../Engine/Content/Functions/Engine_MaterialFunctions02/Utility/MakeFloat2.uasset" 8
"../../../Engine/Content/Functions/Engine_MaterialFunctions02/Utility/MakeFloat2.uexp" 9
"../../../Engine/Content/EngineSky/VolumetricClouds/CloudGradientTexture.uasset" 10
"../../../Engine/Content/EngineSky/VolumetricClouds/CloudGradientTexture.uexp" 11
"../../../Engine/Content/EngineSky/VolumetricClouds/T_NoiseShape64.ubulk" 12
"../../../Engine/Content/EngineSky/VolumetricClouds/T_NoiseShape64.uasset" 13
"../../../Engine/Content/EngineSky/VolumetricClouds/T_NoiseShape64.uexp" 14
"../../../Engine/Content/EngineSky/VolumetricClouds/T_VolumeNoiseShape64.uasset" 15
"../../../Engine/Content/EngineSky/VolumetricClouds/T_VolumeNoiseShape64.uexp" 16
"../../../Engine/Content/EngineSky/VolumetricClouds/T_NoiseErosion.ubulk" 17
"../../../Engine/Content/EngineSky/VolumetricClouds/T_NoiseErosion.uasset" 18
"../../../Engine/Content/EngineSky/VolumetricClouds/T_NoiseErosion.uexp" 19
"../../../Engine/Content/EngineSky/VolumetricClouds/T_VolumeNoiseErosion32.uasset" 20
"../../../Engine/Content/EngineSky/VolumetricClouds/T_VolumeNoiseErosion32.uexp" 21
"../../../Engine/Content/EngineSky/VolumetricClouds/m_SimpleVolumetricCloud.uasset" 22
"../../../Engine/Content/EngineSky/VolumetricClouds/m_SimpleVolumetricCloud.uexp" 23
"../../../Engine/Content/EngineSky/VolumetricClouds/m_SimpleVolumetricCloud_Inst.uasset" 24
"../../../Engine/Content/EngineSky/VolumetricClouds/m_SimpleVolumetricCloud_Inst.uexp" 25
"../../../Engine/Content/EngineResources/GradientTexture0.uasset" 26
"../../../Engine/Content/EngineResources/GradientTexture0.uexp" 27
"../../../Engine/Content/EngineResources/DefaultVolumeTexture2D.uasset" 28
"../../../Engine/Content/EngineResources/DefaultVolumeTexture2D.uexp" 29
"../../../Engine/Content/EngineResources/DefaultVolumeTexture.uasset" 30
"../../../Engine/Content/EngineResources/DefaultVolumeTexture.uexp" 31
"../../../Engine/Content/EngineResources/DefaultTextureCube.uasset" 32
"../../../Engine/Content/EngineResources/DefaultTextureCube.uexp" 33
"../../../Engine/Content/EngineResources/DefaultTexture.ubulk" 34
"../../../Engine/Content/EngineResources/DefaultTexture.uasset" 35
"../../../Engine/Content/EngineResources/DefaultTexture.uexp" 36
"../../../Engine/Content/EngineResources/Black.uasset" 37
"../../../Engine/Content/EngineResources/Black.uexp" 38
"../../../Engine/Content/EngineResources/FilmGrains/Marcie_Grain_v3_128_M2_000.uasset" 39
"../../../Engine/Content/EngineResources/FilmGrains/Marcie_Grain_v3_128_M2_000.uexp" 40
"../../../Engine/Content/EngineMeshes/Sphere.ubulk" 41
"../../../Engine/Content/EngineMeshes/Sphere.uasset" 42
"../../../Engine/Content/EngineMeshes/Sphere.uexp" 43
"../../../Engine/Content/EngineResources/WhiteSquareTexture.uasset" 44
"../../../Engine/Content/EngineResources/WhiteSquareTexture.uexp" 45
"../../../Engine/Content/EngineMaterials/Widget3DPassThrough.uasset" 46
"../../../Engine/Content/EngineMaterials/Widget3DPassThrough.uexp" 47
"../../../Engine/Content/EngineMaterials/Widget3DPassThrough_Translucent.uasset" 48
"../../../Engine/Content/EngineMaterials/Widget3DPassThrough_Translucent.uexp" 49
"../../../Engine/Content/EngineMaterials/Widget3DPassThrough_Translucent_OneSided.uasset" 50
"../../../Engine/Content/EngineMaterials/Widget3DPassThrough_Translucent_OneSided.uexp" 51
"../../../Engine/Content/EngineMaterials/Widget3DPassThrough_Opaque.uasset" 52
"../../../Engine/Content/EngineMaterials/Widget3DPassThrough_Opaque.uexp" 53
"../../../Engine/Content/EngineMaterials/Widget3DPassThrough_Opaque_OneSided.uasset" 54
"../../../Engine/Content/EngineMaterials/Widget3DPassThrough_Opaque_OneSided.uexp" 55
"../../../Engine/Content/EngineMaterials/Widget3DPassThrough_Masked_OneSided.uasset" 56
"../../../Engine/Content/EngineMaterials/Widget3DPassThrough_Masked_OneSided.uexp" 57
"../../../Engine/Content/EngineMaterials/Widget3DPassThrough_Masked.uasset" 58
"../../../Engine/Content/EngineMaterials/Widget3DPassThrough_Masked.uexp" 59
"../../../Engine/Content/EngineMaterials/WeightMapPlaceholderTexture.uasset" 60
"../../../Engine/Content/EngineMaterials/WeightMapPlaceholderTexture.uexp" 61
"../../../Engine/Content/EngineMaterials/RemoveSurfaceMaterial.uasset" 62
"../../../Engine/Content/EngineMaterials/RemoveSurfaceMaterial.uexp" 63
"../../../Engine/Content/EngineMaterials/PreintegratedSkinBRDF.uasset" 64
"../../../Engine/Content/EngineMaterials/PreintegratedSkinBRDF.uexp" 65
"../../../Engine/Content/EngineMaterials/DefaultCalibrationGrayscale.uasset" 66
"../../../Engine/Content/EngineMaterials/DefaultCalibrationGrayscale.uexp" 67
"../../../Engine/Content/EngineMaterials/PPM_DefaultCalibrationGrayscale.uasset" 68
"../../../Engine/Content/EngineMaterials/PPM_DefaultCalibrationGrayscale.uexp" 69
"../../../Engine/Content/EngineMaterials/DefaultCalibrationColor.uasset" 70
"../../../Engine/Content/EngineMaterials/DefaultCalibrationColor.uexp" 71
"../../../Engine/Content/EngineMaterials/PPM_DefaultCalibrationColor.uasset" 72
"../../../Engine/Content/EngineMaterials/PPM_DefaultCalibrationColor.uexp" 73
"../../../Engine/Content/Functions/Engine_MaterialFunctions02/WorldPositionOffset/CameraOffset.uasset" 74
"../../../Engine/Content/Functions/Engine_MaterialFunctions02/WorldPositionOffset/CameraOffset.uexp" 75
"../../../Engine/Content/EngineMaterials/PhAT_JointLimitMaterial.uasset" 76
"../../../Engine/Content/EngineMaterials/PhAT_JointLimitMaterial.uexp" 77
"../../../Engine/Content/EngineMaterials/InvalidLightmapSettings.ubulk" 78
"../../../Engine/Content/EngineMaterials/InvalidLightmapSettings.uasset" 79
"../../../Engine/Content/EngineMaterials/InvalidLightmapSettings.uexp" 80
"../../../Engine/Content/EngineMaterials/M_InvalidLightmapSettings.uasset" 81
"../../../Engine/Content/EngineMaterials/M_InvalidLightmapSettings.uexp" 82
"../../../Engine/Content/EngineMaterials/MiniFont.uasset" 83
"../../../Engine/Content/EngineMaterials/MiniFont.uexp" 84
"../../../Engine/Content/EngineMaterials/Good64x64TilingNoiseHighFreq.uasset" 85
"../../../Engine/Content/EngineMaterials/Good64x64TilingNoiseHighFreq.uexp" 86
"../../../Engine/Content/EngineMaterials/GizmoMaterial.uasset" 87
"../../../Engine/Content/EngineMaterials/GizmoMaterial.uexp" 88
"../../../Engine/Content/EngineMaterials/BaseFlattenEmissiveMap_VT.uasset" 89
"../../../Engine/Content/EngineMaterials/BaseFlattenEmissiveMap_VT.uexp" 90
"../../../Engine/Content/EngineMaterials/BaseFlattenGrayscaleMap_VT.uasset" 91
"../../../Engine/Content/EngineMaterials/BaseFlattenGrayscaleMap_VT.uexp" 92
"../../../Engine/Content/EngineMaterials/BaseFlattenLinearColor_VT.uasset" 93
"../../../Engine/Content/EngineMaterials/BaseFlattenLinearColor_VT.uexp" 94
"../../../Engine/Content/EngineMaterials/Black_1x1_EXR_Texture_VT.uasset" 95
"../../../Engine/Content/EngineMaterials/Black_1x1_EXR_Texture_VT.uexp" 96
"../../../Engine/Content/EngineMaterials/BaseFlattenDiffuseMap_VT.uasset" 97
"../../../Engine/Content/EngineMaterials/BaseFlattenDiffuseMap_VT.uexp" 98
"../../../Engine/Content/EngineMaterials/BaseFlattenNormalMap_VT.uasset" 99
"../../../Engine/Content/EngineMaterials/BaseFlattenNormalMap_VT.uexp" 100
"../../../Engine/Content/EngineMaterials/FlattenMaterial_WS_Normal_VT.uasset" 101
"../../../Engine/Content/EngineMaterials/FlattenMaterial_WS_Normal_VT.uexp" 102
"../../../Engine/Content/EngineMaterials/FlattenMaterial_VT.uasset" 103
"../../../Engine/Content/EngineMaterials/FlattenMaterial_VT.uexp" 104
"../../../Engine/Content/EngineMaterials/BaseFlattenNormalMap.uasset" 105
"../../../Engine/Content/EngineMaterials/BaseFlattenNormalMap.uexp" 106
"../../../Engine/Content/EngineMaterials/BaseFlattenGrayscaleMap.uasset" 107
"../../../Engine/Content/EngineMaterials/BaseFlattenGrayscaleMap.uexp" 108
"../../../Engine/Content/EngineMaterials/BaseFlattenDiffuseMap.uasset" 109
"../../../Engine/Content/EngineMaterials/BaseFlattenDiffuseMap.uexp" 110
"../../../Engine/Content/Functions/Engine_MaterialFunctions02/PivotPainter2/Black_1x1_EXR_Texture.uasset" 111
"../../../Engine/Content/Functions/Engine_MaterialFunctions02/PivotPainter2/Black_1x1_EXR_Texture.uexp" 112
"../../../Engine/Content/EngineMaterials/BaseFlattenEmissiveMap.uasset" 113
"../../../Engine/Content/EngineMaterials/BaseFlattenEmissiveMap.uexp" 114
"../../../Engine/Content/EngineMaterials/BaseFlattenLinearColor.uasset" 115
"../../../Engine/Content/EngineMaterials/BaseFlattenLinearColor.uexp" 116
"../../../Engine/Content/EngineMaterials/FlattenMaterial.uasset" 117
"../../../Engine/Content/EngineMaterials/FlattenMaterial.uexp" 118
"../../../Engine/Content/EngineMaterials/DefaultWhiteGrid_Low.uasset" 119
"../../../Engine/Content/EngineMaterials/DefaultWhiteGrid_Low.uexp" 120
"../../../Engine/Content/EngineMaterials/EmissiveMeshMaterial.uasset" 121
"../../../Engine/Content/EngineMaterials/EmissiveMeshMaterial.uexp" 122
"../../../Engine/Content/EngineMaterials/DefaultWhiteGrid.ubulk" 123
"../../../Engine/Content/EngineMaterials/DefaultWhiteGrid.uasset" 124
"../../../Engine/Content/EngineMaterials/DefaultWhiteGrid.uexp" 125
"../../../Engine/Content/EngineFonts/RobotoDistanceField.uasset" 126
"../../../Engine/Content/EngineFonts/RobotoDistanceField.uexp" 127
"../../../Engine/Content/EngineMaterials/DefaultTextMaterialOpaque.uasset" 128
"../../../Engine/Content/EngineMaterials/DefaultTextMaterialOpaque.uexp" 129
"../../../Engine/Content/EngineMaterials/DefaultDiffuse.ubulk" 130
"../../../Engine/Content/EngineMaterials/DefaultDiffuse.uasset" 131
"../../../Engine/Content/EngineMaterials/DefaultDiffuse.uexp" 132
"../../../Engine/Content/Functions/Engine_MaterialFunctions02/Utility/BreakOutFloat2Components.uasset" 133
"../../../Engine/Content/Functions/Engine_MaterialFunctions02/Utility/BreakOutFloat2Components.uexp" 134
"../../../Engine/Content/EngineMaterials/DefaultPostProcessMaterial.uasset" 135
"../../../Engine/Content/EngineMaterials/DefaultPostProcessMaterial.uexp" 136
"../../../Engine/Content/EngineMaterials/DefaultPhysicalMaterial.uasset" 137
"../../../Engine/Content/EngineMaterials/DefaultPhysicalMaterial.uexp" 138
"../../../Engine/Content/EngineMaterials/DefaultLightFunctionMaterial.uasset" 139
"../../../Engine/Content/EngineMaterials/DefaultLightFunctionMaterial.uexp" 140
"../../../Engine/Content/EngineMaterials/DefaultDestructiblePhysicalMaterial.uasset" 141
"../../../Engine/Content/EngineMaterials/DefaultDestructiblePhysicalMaterial.uexp" 142
"../../../Engine/Content/EngineMaterials/DefaultDeferredDecalMaterial.uasset" 143
"../../../Engine/Content/EngineMaterials/DefaultDeferredDecalMaterial.uexp" 144
"../../../Engine/Content/EngineMaterials/DefaultBokeh.uasset" 145
"../../../Engine/Content/EngineMaterials/DefaultBokeh.uexp" 146
"../../../Engine/Content/EngineMaterials/DefaultBloomKernel.uasset" 147
"../../../Engine/Content/EngineMaterials/DefaultBloomKernel.uexp" 148
"../../../Engine/Content/EngineMaterials/BlueNoise.uasset" 149
"../../../Engine/Content/EngineMaterials/BlueNoise.uexp" 150
"../../../Engine/Content/EngineFonts/Faces/RobotoLight.uexp" 151
"../../../Engine/Content/EngineFonts/Faces/RobotoLight.uasset" 152
"../../../Engine/Content/EngineFonts/Faces/RobotoLight.ufont" 153
"../../../Engine/Content/EngineFonts/Faces/RobotoBold.uexp" 154
"../../../Engine/Content/EngineFonts/Faces/RobotoBold.uasset" 155
"../../../Engine/Content/EngineFonts/Faces/RobotoBold.ufont" 156
"../../../Engine/Content/EngineFonts/Faces/RobotoRegular.uexp" 157
"../../../Engine/Content/EngineFonts/Faces/RobotoRegular.uasset" 158
"../../../Engine/Content/EngineFonts/Faces/RobotoRegular.ufont" 159
"../../../Engine/Content/EngineFonts/Faces/DroidSansFallback.uexp" 160
"../../../Engine/Content/EngineFonts/Faces/DroidSansFallback.uasset" 161
"../../../Engine/Content/EngineFonts/Faces/DroidSansFallback.ufont" 162
"../../../Engine/Content/EngineFonts/Faces/RobotoItalic.uexp" 163
"../../../Engine/Content/EngineFonts/Faces/RobotoItalic.uasset" 164
"../../../Engine/Content/EngineFonts/Faces/RobotoItalic.ufont" 165
"../../../Engine/Content/EngineFonts/Faces/RobotoBoldItalic.uexp" 166
"../../../Engine/Content/EngineFonts/Faces/RobotoBoldItalic.uasset" 167
"../../../Engine/Content/EngineFonts/Faces/RobotoBoldItalic.ufont" 168
"../../../Engine/Content/EngineFonts/Roboto.uasset" 169
"../../../Engine/Content/EngineFonts/Roboto.uexp" 170
"../../../Engine/Content/Functions/Engine_MaterialFunctions02/Utility/CameraDirectionVector.uasset" 171
"../../../Engine/Content/Functions/Engine_MaterialFunctions02/Utility/CameraDirectionVector.uexp" 172
"../../../Engine/Content/EngineDebugMaterials/VolumeToRender.uasset" 173
"../../../Engine/Content/EngineDebugMaterials/VolumeToRender.uexp" 174
"../../../Engine/Content/EngineDebugMaterials/M_VolumeRenderSphereTracePP.uasset" 175
"../../../Engine/Content/EngineDebugMaterials/M_VolumeRenderSphereTracePP.uexp" 176
"../../../Engine/Content/EngineDebugMaterials/M_SimpleUnlitTranslucent.uasset" 177
"../../../Engine/Content/EngineDebugMaterials/M_SimpleUnlitTranslucent.uexp" 178
"../../../Engine/Content/EngineDebugMaterials/DebugMeshMaterial.uasset" 179
"../../../Engine/Content/EngineDebugMaterials/DebugMeshMaterial.uexp" 180
"../../../Engine/Content/EngineDebugMaterials/DebugEditorMaterial.uasset" 181
"../../../Engine/Content/EngineDebugMaterials/DebugEditorMaterial.uexp" 182
"../../../Engine/Content/EngineDamageTypes/DmgTypeBP_Environmental.uasset" 183
"../../../Engine/Content/EngineDamageTypes/DmgTypeBP_Environmental.uexp" 184
"../../../Engine/Content/EditorResources/S_TriggerSphere.uasset" 185
"../../../Engine/Content/EditorResources/S_TriggerSphere.uexp" 186
"../../../Engine/Content/EditorResources/S_TriggerCapsule.uasset" 187
"../../../Engine/Content/EditorResources/S_TriggerCapsule.uexp" 188
"../../../Engine/Content/EditorResources/S_TriggerBox.uasset" 189
"../../../Engine/Content/EditorResources/S_TriggerBox.uexp" 190
"../../../Engine/Content/EditorResources/S_Trigger.ubulk" 191
"../../../Engine/Content/EditorResources/S_Trigger.uasset" 192
"../../../Engine/Content/EditorResources/S_Trigger.uexp" 193
"../../../Engine/Content/EditorResources/S_Terrain.ubulk" 194
"../../../Engine/Content/EditorResources/S_Terrain.uasset" 195
"../../../Engine/Content/EditorResources/S_Terrain.uexp" 196
"../../../Engine/Content/EditorResources/S_Solver.ubulk" 197
"../../../Engine/Content/EditorResources/S_Solver.uasset" 198
"../../../Engine/Content/EditorResources/S_Solver.uexp" 199
"../../../Engine/Content/EditorResources/S_BoxReflectionCapture.uasset" 200
"../../../Engine/Content/EditorResources/S_BoxReflectionCapture.uexp" 201
"../../../Engine/Content/EditorResources/S_Actor.ubulk" 202
"../../../Engine/Content/EditorResources/S_Actor.uasset" 203
"../../../Engine/Content/EditorResources/S_Actor.uexp" 204
"../../../Engine/Content/EditorResources/BSPVertex.uasset" 205
"../../../Engine/Content/EditorResources/BSPVertex.uexp" 206
"../../../Engine/Content/EditorResources/SequenceRecorder/RecordingIndicator.uasset" 207
"../../../Engine/Content/EditorResources/SequenceRecorder/RecordingIndicator.uexp" 208
"../../../Engine/Content/EditorResources/SequenceRecorder/Countdown.uasset" 209
"../../../Engine/Content/EditorResources/SequenceRecorder/Countdown.uexp" 210
"../../../Engine/Content/EditorMaterials/Camera/CineMat.uasset" 211
"../../../Engine/Content/EditorMaterials/Camera/CineMat.uexp" 212
"../../../Engine/Content/EditorMaterials/Camera/MI_CineMat_Rig.uasset" 213
"../../../Engine/Content/EditorMaterials/Camera/MI_CineMat_Rig.uexp" 214
"../../../Engine/Content/EditorMeshes/Camera/SM_RailRig_Track.ubulk" 215
"../../../Engine/Content/EditorMeshes/Camera/SM_RailRig_Track.uasset" 216
"../../../Engine/Content/EditorMeshes/Camera/SM_RailRig_Track.uexp" 217
"../../../Engine/Content/EditorMeshes/Camera/SM_RailRig_Mount.ubulk" 218
"../../../Engine/Content/EditorMeshes/Camera/SM_RailRig_Mount.uasset" 219
"../../../Engine/Content/EditorMeshes/Camera/SM_RailRig_Mount.uexp" 220
"../../../Engine/Content/EditorMeshes/Camera/SM_CraneRig_Mount.ubulk" 221
"../../../Engine/Content/EditorMeshes/Camera/SM_CraneRig_Mount.uasset" 222
"../../../Engine/Content/EditorMeshes/Camera/SM_CraneRig_Mount.uexp" 223
"../../../Engine/Content/EditorMeshes/Camera/SM_CraneRig_Body.ubulk" 224
"../../../Engine/Content/EditorMeshes/Camera/SM_CraneRig_Body.uasset" 225
"../../../Engine/Content/EditorMeshes/Camera/SM_CraneRig_Body.uexp" 226
"../../../Engine/Content/EditorMeshes/Camera/SM_CraneRig_Base.ubulk" 227
"../../../Engine/Content/EditorMeshes/Camera/SM_CraneRig_Base.uasset" 228
"../../../Engine/Content/EditorMeshes/Camera/SM_CraneRig_Base.uexp" 229
"../../../Engine/Content/EditorMeshes/Camera/SM_CraneRig_Arm.ubulk" 230
"../../../Engine/Content/EditorMeshes/Camera/SM_CraneRig_Arm.uasset" 231
"../../../Engine/Content/EditorMeshes/Camera/SM_CraneRig_Arm.uexp" 232
"../../../Engine/Content/EditorMaterials/PreviewShadowIndicator.ubulk" 233
"../../../Engine/Content/EditorMaterials/PreviewShadowIndicator.uasset" 234
"../../../Engine/Content/EditorMaterials/PreviewShadowIndicator.uexp" 235
"../../../Engine/Content/EditorMaterials/PreviewShadowIndicatorMaterial.uasset" 236
"../../../Engine/Content/EditorMaterials/PreviewShadowIndicatorMaterial.uexp" 237
"../../../Engine/Content/EditorMaterials/MAT_Groups_Visibility.uasset" 238
"../../../Engine/Content/EditorMaterials/MAT_Groups_Visibility.uexp" 239
"../../../Engine/Content/EditorMaterials/MAT_Groups_Toggle.uasset" 240
"../../../Engine/Content/EditorMaterials/MAT_Groups_Toggle.uexp" 241
"../../../Engine/Content/Functions/Engine_MaterialFunctions02/Utility/MakeFloat4.uasset" 242
"../../../Engine/Content/Functions/Engine_MaterialFunctions02/Utility/MakeFloat4.uexp" 243
"../../../Engine/Content/Functions/Engine_MaterialFunctions02/Utility/MakeFloat3.uasset" 244
"../../../Engine/Content/Functions/Engine_MaterialFunctions02/Utility/MakeFloat3.uexp" 245
"../../../Engine/Content/Functions/Engine_MaterialFunctions02/Utility/BreakOutFloat3Components.uasset" 246
"../../../Engine/Content/Functions/Engine_MaterialFunctions02/Utility/BreakOutFloat3Components.uexp" 247
"../../../Engine/Content/EditorMaterials/WorldPartition/WorldPartitionSpatialHashGridPreviewMaterial.uasset" 248
"../../../Engine/Content/EditorMaterials/WorldPartition/WorldPartitionSpatialHashGridPreviewMaterial.uexp" 249
"../../../Engine/Content/EditorMaterials/ParticleSystems/PSysThumbnail_OOD.ubulk" 250
"../../../Engine/Content/EditorMaterials/ParticleSystems/PSysThumbnail_OOD.uasset" 251
"../../../Engine/Content/EditorMaterials/ParticleSystems/PSysThumbnail_OOD.uexp" 252
"../../../Engine/Content/EditorMaterials/ParticleSystems/PSysThumbnail_NoImage.ubulk" 253
"../../../Engine/Content/EditorMaterials/ParticleSystems/PSysThumbnail_NoImage.uasset" 254
"../../../Engine/Content/EditorMaterials/ParticleSystems/PSysThumbnail_NoImage.uexp" 255
"../../../Engine/Content/EditorMaterials/MatineeGroups/MAT_Groups_Vector.uasset" 256
"../../../Engine/Content/EditorMaterials/MatineeGroups/MAT_Groups_Vector.uexp" 257
"../../../Engine/Content/EditorMaterials/MatineeGroups/MAT_Groups_Sound.uasset" 258
"../../../Engine/Content/EditorMaterials/MatineeGroups/MAT_Groups_Sound.uexp" 259
"../../../Engine/Content/EditorMaterials/MatineeGroups/MAT_Groups_Slomo.uasset" 260
"../../../Engine/Content/EditorMaterials/MatineeGroups/MAT_Groups_Slomo.uexp" 261
"../../../Engine/Content/EditorMaterials/MatineeGroups/MAT_Groups_Move.uasset" 262
"../../../Engine/Content/EditorMaterials/MatineeGroups/MAT_Groups_Move.uexp" 263
"../../../Engine/Content/EditorMaterials/MatineeGroups/MAT_Groups_Float.uasset" 264
"../../../Engine/Content/EditorMaterials/MatineeGroups/MAT_Groups_Float.uexp" 265
"../../../Engine/Content/EditorMaterials/MatineeGroups/MAT_Groups_Fade.uasset" 266
"../../../Engine/Content/EditorMaterials/MatineeGroups/MAT_Groups_Fade.uexp" 267
"../../../Engine/Content/EditorMaterials/MatineeGroups/MAT_Groups_Event.uasset" 268
"../../../Engine/Content/EditorMaterials/MatineeGroups/MAT_Groups_Event.uexp" 269
"../../../Engine/Content/EditorMaterials/MatineeGroups/MAT_Groups_Director.uasset" 270
"../../../Engine/Content/EditorMaterials/MatineeGroups/MAT_Groups_Director.uexp" 271
"../../../Engine/Content/EditorMaterials/MatineeGroups/MAT_Groups_AudioMaster.uasset" 272
"../../../Engine/Content/EditorMaterials/MatineeGroups/MAT_Groups_AudioMaster.uexp" 273
"../../../Engine/Content/EditorMaterials/MatineeGroups/MAT_Groups_Anim.uasset" 274
"../../../Engine/Content/EditorMaterials/MatineeGroups/MAT_Groups_Anim.uexp" 275
"../../../Engine/Content/EditorMaterials/MatineeGroups/MAT_ColorTrack.uasset" 276
"../../../Engine/Content/EditorMaterials/MatineeGroups/MAT_ColorTrack.uexp" 277
"../../../Engine/Content/EditorLandscapeResources/DefaultAlphaTexture.uasset" 278
"../../../Engine/Content/EditorLandscapeResources/DefaultAlphaTexture.uexp" 279
"../../../Engine/Content/EditorLandscapeResources/DataLayer.uasset" 280
"../../../Engine/Content/EditorLandscapeResources/DataLayer.uexp" 281
"../../../Engine/Content/EngineMaterials/T_Default_Material_Grid_M.ubulk" 282
"../../../Engine/Content/EngineMaterials/T_Default_Material_Grid_M.uasset" 283
"../../../Engine/Content/EngineMaterials/T_Default_Material_Grid_M.uexp" 284
"../../../Engine/Content/EngineMaterials/T_Default_Material_Grid_N.ubulk" 285
"../../../Engine/Content/EngineMaterials/T_Default_Material_Grid_N.uasset" 286
"../../../Engine/Content/EngineMaterials/T_Default_Material_Grid_N.uexp" 287
"../../../Engine/Content/Functions/Engine_MaterialFunctions01/Opacity/CameraDepthFade.uasset" 288
"../../../Engine/Content/Functions/Engine_MaterialFunctions01/Opacity/CameraDepthFade.uexp" 289
"../../../Engine/Content/EngineMaterials/DefaultMaterial.uasset" 290
"../../../Engine/Content/EngineMaterials/DefaultMaterial.uexp" 291
"../../../Engine/Content/BasicShapes/Sphere.ubulk" 292
"../../../Engine/Content/BasicShapes/Sphere.uasset" 293
"../../../Engine/Content/BasicShapes/Sphere.uexp" 294
"../../../Engine/Content/EngineMaterials/WorldGridMaterial.uasset" 295
"../../../Engine/Content/EngineMaterials/WorldGridMaterial.uexp" 296
"../../../Engine/Content/BasicShapes/Plane.ubulk" 297
"../../../Engine/Content/BasicShapes/Plane.uasset" 298
"../../../Engine/Content/BasicShapes/Plane.uexp" 299
"../../../Engine/Content/BasicShapes/Cylinder.ubulk" 300
"../../../Engine/Content/BasicShapes/Cylinder.uasset" 301
"../../../Engine/Content/BasicShapes/Cylinder.uexp" 302
"../../../Engine/Content/BasicShapes/Cube.ubulk" 303
"../../../Engine/Content/BasicShapes/Cube.uasset" 304
"../../../Engine/Content/BasicShapes/Cube.uexp" 305
"../../../Engine/Content/BasicShapes/Cone.ubulk" 306
"../../../Engine/Content/BasicShapes/Cone.uasset" 307
"../../../Engine/Content/BasicShapes/Cone.uexp" 308
"../../../Engine/Content/ArtTools/RenderToTexture/Meshes/S_1_Unit_Plane.ubulk" 309
"../../../Engine/Content/ArtTools/RenderToTexture/Meshes/S_1_Unit_Plane.uasset" 310
"../../../Engine/Content/ArtTools/RenderToTexture/Meshes/S_1_Unit_Plane.uexp" 311
"../../../Engine/Content/MobileResources/HUD/VirtualJoystick_Background.uasset" 312
"../../../Engine/Content/MobileResources/HUD/VirtualJoystick_Background.uexp" 313
"../../../Engine/Content/MobileResources/HUD/VirtualJoystick_Thumb.uasset" 314
"../../../Engine/Content/MobileResources/HUD/VirtualJoystick_Thumb.uexp" 315
"../../../Engine/Content/MobileResources/HUD/DefaultVirtualJoysticks.uasset" 316
"../../../Engine/Content/MobileResources/HUD/DefaultVirtualJoysticks.uexp" 317
"../../../Engine/Content/Tutorial/ContentIntroCurve.uasset" 318
"../../../Engine/Content/Tutorial/ContentIntroCurve.uexp" 319
"../../../Engine/Content/VREditor/TransformGizmo/Main.uasset" 320
"../../../Engine/Content/VREditor/TransformGizmo/Main.uexp" 321
"../../../Engine/Content/VREditor/TransformGizmo/Xray.uasset" 322
"../../../Engine/Content/VREditor/TransformGizmo/Xray.uexp" 323
"../../../Engine/Content/VREditor/TransformGizmo/SM_Sequencer_Node.ubulk" 324
"../../../Engine/Content/VREditor/TransformGizmo/SM_Sequencer_Node.uasset" 325
"../../../Engine/Content/VREditor/TransformGizmo/SM_Sequencer_Node.uexp" 326
"../../../Engine/Content/VREditor/LaserPointer/VR_LaserPower_01.ubulk" 327
"../../../Engine/Content/VREditor/LaserPointer/VR_LaserPower_01.uasset" 328
"../../../Engine/Content/VREditor/LaserPointer/VR_LaserPower_01.uexp" 329
"../../../Engine/Content/VREditor/TransformGizmo/TransformGizmoMaterial.uasset" 330
"../../../Engine/Content/VREditor/TransformGizmo/TransformGizmoMaterial.uexp" 331
"../../../Engine/Content/VREditor/TransformGizmo/TranslucentTransformGizmoMaterial.uasset" 332
"../../../Engine/Content/VREditor/TransformGizmo/TranslucentTransformGizmoMaterial.uexp" 333
"../../../Engine/Content/VREditor/TransformGizmo/PlaneTranslationHandle.ubulk" 334
"../../../Engine/Content/VREditor/TransformGizmo/PlaneTranslationHandle.uasset" 335
"../../../Engine/Content/VREditor/TransformGizmo/PlaneTranslationHandle.uexp" 336
"../../../Engine/Content/VREditor/TransformGizmo/BoundingBoxEdge.ubulk" 337
"../../../Engine/Content/VREditor/TransformGizmo/BoundingBoxEdge.uasset" 338
"../../../Engine/Content/VREditor/TransformGizmo/BoundingBoxEdge.uexp" 339
"../../../Engine/Content/VREditor/TransformGizmo/BoundingBoxCorner.ubulk" 340
"../../../Engine/Content/VREditor/TransformGizmo/BoundingBoxCorner.uasset" 341
"../../../Engine/Content/VREditor/TransformGizmo/BoundingBoxCorner.uexp" 342
"../../../Engine/Plugins/2D/Paper2D/Content/PlaceholderTextures/DummySpriteTexture.ubulk" 343
"../../../Engine/Plugins/2D/Paper2D/Content/PlaceholderTextures/DummySpriteTexture.uasset" 344
"../../../Engine/Plugins/2D/Paper2D/Content/PlaceholderTextures/DummySpriteTexture.uexp" 345
"../../../Engine/Plugins/2D/Paper2D/Content/DefaultSpriteMaterial.uasset" 346
"../../../Engine/Plugins/2D/Paper2D/Content/DefaultSpriteMaterial.uexp" 347
"../../../Engine/Plugins/2D/Paper2D/Content/OpaqueUnlitSpriteMaterial.uasset" 348
"../../../Engine/Plugins/2D/Paper2D/Content/OpaqueUnlitSpriteMaterial.uexp" 349
"../../../Engine/Plugins/2D/Paper2D/Content/MaskedUnlitSpriteMaterial.uasset" 350
"../../../Engine/Plugins/2D/Paper2D/Content/MaskedUnlitSpriteMaterial.uexp" 351
"../../../Engine/Plugins/2D/Paper2D/Content/DummySprite.uasset" 352
"../../../Engine/Plugins/2D/Paper2D/Content/DummySprite.uexp" 353
"../../../Engine/Plugins/2D/Paper2D/Content/DefaultPaperTerrainMaterial.uasset" 354
"../../../Engine/Plugins/2D/Paper2D/Content/DefaultPaperTerrainMaterial.uexp" 355
"../../../Engine/Plugins/Animation/ControlRig/Content/M_Manip.uasset" 356
"../../../Engine/Plugins/Animation/ControlRig/Content/M_Manip.uexp" 357
"../../../Engine/Plugins/Animation/ControlRig/Content/Controls/DefaultGizmoLibraryNormalized.uasset" 358
"../../../Engine/Plugins/Animation/ControlRig/Content/Controls/DefaultGizmoLibraryNormalized.uexp" 359
"../../../Engine/Plugins/Animation/ControlRig/Content/Controls/ControlRig_Wedge_solid.ubulk" 360
"../../../Engine/Plugins/Animation/ControlRig/Content/Controls/ControlRig_Wedge_solid.uasset" 361
"../../../Engine/Plugins/Animation/ControlRig/Content/Controls/ControlRig_Wedge_solid.uexp" 362
"../../../Engine/Plugins/Animation/ControlRig/Content/Controls/ControlRig_Wedge_3mm.ubulk" 363
"../../../Engine/Plugins/Animation/ControlRig/Content/Controls/ControlRig_Wedge_3mm.uasset" 364
"../../../Engine/Plugins/Animation/ControlRig/Content/Controls/ControlRig_Wedge_3mm.uexp" 365
"../../../Engine/Plugins/Animation/ControlRig/Content/Controls/ControlRig_Wedge_1mm.ubulk" 366
"../../../Engine/Plugins/Animation/ControlRig/Content/Controls/ControlRig_Wedge_1mm.uasset" 367
"../../../Engine/Plugins/Animation/ControlRig/Content/Controls/ControlRig_Wedge_1mm.uexp" 368
"../../../Engine/Plugins/Animation/ControlRig/Content/Controls/ControlRig_Triangle_solid.ubulk" 369
"../../../Engine/Plugins/Animation/ControlRig/Content/Controls/ControlRig_Triangle_solid.uasset" 370
"../../../Engine/Plugins/Animation/ControlRig/Content/Controls/ControlRig_Triangle_solid.uexp" 371
"../../../Engine/Plugins/Animation/ControlRig/Content/Controls/ControlRig_Triangle_3mm.ubulk" 372
"../../../Engine/Plugins/Animation/ControlRig/Content/Controls/ControlRig_Triangle_3mm.uasset" 373
"../../../Engine/Plugins/Animation/ControlRig/Content/Controls/ControlRig_Triangle_3mm.uexp" 374
"../../../Engine/Plugins/Animation/ControlRig/Content/Controls/ControlRig_Triangle_1mm.ubulk" 375
"../../../Engine/Plugins/Animation/ControlRig/Content/Controls/ControlRig_Triangle_1mm.uasset" 376
"../../../Engine/Plugins/Animation/ControlRig/Content/Controls/ControlRig_Triangle_1mm.uexp" 377
"../../../Engine/Plugins/Animation/ControlRig/Content/Controls/ControlRig_Star4_solid.ubulk" 378
"../../../Engine/Plugins/Animation/ControlRig/Content/Controls/ControlRig_Star4_solid.uasset" 379
"../../../Engine/Plugins/Animation/ControlRig/Content/Controls/ControlRig_Star4_solid.uexp" 380
"../../../Engine/Plugins/Animation/ControlRig/Content/Controls/ControlRig_Star4_3mm.ubulk" 381
"../../../Engine/Plugins/Animation/ControlRig/Content/Controls/ControlRig_Star4_3mm.uasset" 382
"../../../Engine/Plugins/Animation/ControlRig/Content/Controls/ControlRig_Star4_3mm.uexp" 383
"../../../Engine/Plugins/Animation/ControlRig/Content/Controls/ControlRig_Star4_1mm.ubulk" 384
"../../../Engine/Plugins/Animation/ControlRig/Content/Controls/ControlRig_Star4_1mm.uasset" 385
"../../../Engine/Plugins/Animation/ControlRig/Content/Controls/ControlRig_Star4_1mm.uexp" 386
"../../../Engine/Plugins/Animation/ControlRig/Content/Controls/ControlRig_Square_solid.ubulk" 387
"../../../Engine/Plugins/Animation/ControlRig/Content/Controls/ControlRig_Square_solid.uasset" 388
"../../../Engine/Plugins/Animation/ControlRig/Content/Controls/ControlRig_Square_solid.uexp" 389
"../../../Engine/Plugins/Animation/ControlRig/Content/Controls/ControlRig_Square_3mm.ubulk" 390
"../../../Engine/Plugins/Animation/ControlRig/Content/Controls/ControlRig_Square_3mm.uasset" 391
"../../../Engine/Plugins/Animation/ControlRig/Content/Controls/ControlRig_Square_3mm.uexp" 392
"../../../Engine/Plugins/Animation/ControlRig/Content/Controls/ControlRig_Square_1mm.ubulk" 393
"../../../Engine/Plugins/Animation/ControlRig/Content/Controls/ControlRig_Square_1mm.uasset" 394
"../../../Engine/Plugins/Animation/ControlRig/Content/Controls/ControlRig_Square_1mm.uexp" 395
"../../../Engine/Plugins/Animation/ControlRig/Content/Controls/ControlRig_Sphere_solid.ubulk" 396
"../../../Engine/Plugins/Animation/ControlRig/Content/Controls/ControlRig_Sphere_solid.uasset" 397
"../../../Engine/Plugins/Animation/ControlRig/Content/Controls/ControlRig_Sphere_solid.uexp" 398
"../../../Engine/Plugins/Animation/ControlRig/Content/Controls/ControlRig_Sphere_3mm.ubulk" 399
"../../../Engine/Plugins/Animation/ControlRig/Content/Controls/ControlRig_Sphere_3mm.uasset" 400
"../../../Engine/Plugins/Animation/ControlRig/Content/Controls/ControlRig_Sphere_3mm.uexp" 401
"../../../Engine/Plugins/Animation/ControlRig/Content/Controls/ControlRig_Sphere_1mm.ubulk" 402
"../../../Engine/Plugins/Animation/ControlRig/Content/Controls/ControlRig_Sphere_1mm.uasset" 403
"../../../Engine/Plugins/Animation/ControlRig/Content/Controls/ControlRig_Sphere_1mm.uexp" 404
"../../../Engine/Plugins/Animation/ControlRig/Content/Controls/ControlRig_RoundedTriangle_solid.ubulk" 405
"../../../Engine/Plugins/Animation/ControlRig/Content/Controls/ControlRig_RoundedTriangle_solid.uasset" 406
"../../../Engine/Plugins/Animation/ControlRig/Content/Controls/ControlRig_RoundedTriangle_solid.uexp" 407
"../../../Engine/Plugins/Animation/ControlRig/Content/Controls/ControlRig_RoundedTriangle_3mm.ubulk" 408
"../../../Engine/Plugins/Animation/ControlRig/Content/Controls/ControlRig_RoundedTriangle_3mm.uasset" 409
"../../../Engine/Plugins/Animation/ControlRig/Content/Controls/ControlRig_RoundedTriangle_3mm.uexp" 410
"../../../Engine/Plugins/Animation/ControlRig/Content/Controls/ControlRig_RoundedTriangle_1mm.ubulk" 411
"../../../Engine/Plugins/Animation/ControlRig/Content/Controls/ControlRig_RoundedTriangle_1mm.uasset" 412
"../../../Engine/Plugins/Animation/ControlRig/Content/Controls/ControlRig_RoundedTriangle_1mm.uexp" 413
"../../../Engine/Plugins/Animation/ControlRig/Content/Controls/ControlRig_RoundedSquare_solid.ubulk" 414
"../../../Engine/Plugins/Animation/ControlRig/Content/Controls/ControlRig_RoundedSquare_solid.uasset" 415
"../../../Engine/Plugins/Animation/ControlRig/Content/Controls/ControlRig_RoundedSquare_solid.uexp" 416
"../../../Engine/Plugins/Animation/ControlRig/Content/Controls/ControlRig_RoundedSquare_3mm.ubulk" 417
"../../../Engine/Plugins/Animation/ControlRig/Content/Controls/ControlRig_RoundedSquare_3mm.uasset" 418
"../../../Engine/Plugins/Animation/ControlRig/Content/Controls/ControlRig_RoundedSquare_3mm.uexp" 419
"../../../Engine/Plugins/Animation/ControlRig/Content/Controls/ControlRig_RoundedSquare_1mm.ubulk" 420
"../../../Engine/Plugins/Animation/ControlRig/Content/Controls/ControlRig_RoundedSquare_1mm.uasset" 421
"../../../Engine/Plugins/Animation/ControlRig/Content/Controls/ControlRig_RoundedSquare_1mm.uexp" 422
"../../../Engine/Plugins/Animation/ControlRig/Content/Controls/ControlRig_QuarterCircle_solid.ubulk" 423
"../../../Engine/Plugins/Animation/ControlRig/Content/Controls/ControlRig_QuarterCircle_solid.uasset" 424
"../../../Engine/Plugins/Animation/ControlRig/Content/Controls/ControlRig_QuarterCircle_solid.uexp" 425
"../../../Engine/Plugins/Animation/ControlRig/Content/Controls/ControlRig_QuarterCircle_3mm.ubulk" 426
"../../../Engine/Plugins/Animation/ControlRig/Content/Controls/ControlRig_QuarterCircle_3mm.uasset" 427
"../../../Engine/Plugins/Animation/ControlRig/Content/Controls/ControlRig_QuarterCircle_3mm.uexp" 428
"../../../Engine/Plugins/Animation/ControlRig/Content/Controls/ControlRig_QuarterCircle_1mm.ubulk" 429
"../../../Engine/Plugins/Animation/ControlRig/Content/Controls/ControlRig_QuarterCircle_1mm.uasset" 430
"../../../Engine/Plugins/Animation/ControlRig/Content/Controls/ControlRig_QuarterCircle_1mm.uexp" 431
"../../../Engine/Plugins/Animation/ControlRig/Content/Controls/ControlRig_Pyramid_solid.ubulk" 432
"../../../Engine/Plugins/Animation/ControlRig/Content/Controls/ControlRig_Pyramid_solid.uasset" 433
"../../../Engine/Plugins/Animation/ControlRig/Content/Controls/ControlRig_Pyramid_solid.uexp" 434
"../../../Engine/Plugins/Animation/ControlRig/Content/Controls/ControlRig_Pyramid_3mm.ubulk" 435
"../../../Engine/Plugins/Animation/ControlRig/Content/Controls/ControlRig_Pyramid_3mm.uasset" 436
"../../../Engine/Plugins/Animation/ControlRig/Content/Controls/ControlRig_Pyramid_3mm.uexp" 437
"../../../Engine/Plugins/Animation/ControlRig/Content/Controls/ControlRig_Pyramid_1mm.ubulk" 438
"../../../Engine/Plugins/Animation/ControlRig/Content/Controls/ControlRig_Pyramid_1mm.uasset" 439
"../../../Engine/Plugins/Animation/ControlRig/Content/Controls/ControlRig_Pyramid_1mm.uexp" 440
"../../../Engine/Plugins/Animation/ControlRig/Content/Controls/ControlRig_Octagon_solid.ubulk" 441
"../../../Engine/Plugins/Animation/ControlRig/Content/Controls/ControlRig_Octagon_solid.uasset" 442
"../../../Engine/Plugins/Animation/ControlRig/Content/Controls/ControlRig_Octagon_solid.uexp" 443
"../../../Engine/Plugins/Animation/ControlRig/Content/Controls/ControlRig_Octagon_3mm.ubulk" 444
"../../../Engine/Plugins/Animation/ControlRig/Content/Controls/ControlRig_Octagon_3mm.uasset" 445
"../../../Engine/Plugins/Animation/ControlRig/Content/Controls/ControlRig_Octagon_3mm.uexp" 446
"../../../Engine/Plugins/Animation/ControlRig/Content/Controls/ControlRig_Octagon_1mm.ubulk" 447
"../../../Engine/Plugins/Animation/ControlRig/Content/Controls/ControlRig_Octagon_1mm.uasset" 448
"../../../Engine/Plugins/Animation/ControlRig/Content/Controls/ControlRig_Octagon_1mm.uexp" 449
"../../../Engine/Plugins/Animation/ControlRig/Content/Controls/ControlRig_Hexagon_solid.ubulk" 450
"../../../Engine/Plugins/Animation/ControlRig/Content/Controls/ControlRig_Hexagon_solid.uasset" 451
"../../../Engine/Plugins/Animation/ControlRig/Content/Controls/ControlRig_Hexagon_solid.uexp" 452
"../../../Engine/Plugins/Animation/ControlRig/Content/Controls/ControlRig_Hexagon_3mm.ubulk" 453
"../../../Engine/Plugins/Animation/ControlRig/Content/Controls/ControlRig_Hexagon_3mm.uasset" 454
"../../../Engine/Plugins/Animation/ControlRig/Content/Controls/ControlRig_Hexagon_3mm.uexp" 455
"../../../Engine/Plugins/Animation/ControlRig/Content/Controls/ControlRig_Hexagon_1mm.ubulk" 456
"../../../Engine/Plugins/Animation/ControlRig/Content/Controls/ControlRig_Hexagon_1mm.uasset" 457
"../../../Engine/Plugins/Animation/ControlRig/Content/Controls/ControlRig_Hexagon_1mm.uexp" 458
"../../../Engine/Plugins/Animation/ControlRig/Content/Controls/ControlRig_HalfCircle_solid.ubulk" 459
"../../../Engine/Plugins/Animation/ControlRig/Content/Controls/ControlRig_HalfCircle_solid.uasset" 460
"../../../Engine/Plugins/Animation/ControlRig/Content/Controls/ControlRig_HalfCircle_solid.uexp" 461
"../../../Engine/Plugins/Animation/ControlRig/Content/Controls/ControlRig_HalfCircle_3mm.ubulk" 462
"../../../Engine/Plugins/Animation/ControlRig/Content/Controls/ControlRig_HalfCircle_3mm.uasset" 463
"../../../Engine/Plugins/Animation/ControlRig/Content/Controls/ControlRig_HalfCircle_3mm.uexp" 464
"../../../Engine/Plugins/Animation/ControlRig/Content/Controls/ControlRig_HalfCircle_1mm.ubulk" 465
"../../../Engine/Plugins/Animation/ControlRig/Content/Controls/ControlRig_HalfCircle_1mm.uasset" 466
"../../../Engine/Plugins/Animation/ControlRig/Content/Controls/ControlRig_HalfCircle_1mm.uexp" 467
"../../../Engine/Plugins/Animation/ControlRig/Content/Controls/ControlRig_Diamond_solid.ubulk" 468
"../../../Engine/Plugins/Animation/ControlRig/Content/Controls/ControlRig_Diamond_solid.uasset" 469
"../../../Engine/Plugins/Animation/ControlRig/Content/Controls/ControlRig_Diamond_solid.uexp" 470
"../../../Engine/Plugins/Animation/ControlRig/Content/Controls/ControlRig_Diamond_3mm.ubulk" 471
"../../../Engine/Plugins/Animation/ControlRig/Content/Controls/ControlRig_Diamond_3mm.uasset" 472
"../../../Engine/Plugins/Animation/ControlRig/Content/Controls/ControlRig_Diamond_3mm.uexp" 473
"../../../Engine/Plugins/Animation/ControlRig/Content/Controls/ControlRig_Diamond_1mm.ubulk" 474
"../../../Engine/Plugins/Animation/ControlRig/Content/Controls/ControlRig_Diamond_1mm.uasset" 475
"../../../Engine/Plugins/Animation/ControlRig/Content/Controls/ControlRig_Diamond_1mm.uexp" 476
"../../../Engine/Plugins/Animation/ControlRig/Content/Controls/ControlRig_Circle_solid.ubulk" 477
"../../../Engine/Plugins/Animation/ControlRig/Content/Controls/ControlRig_Circle_solid.uasset" 478
"../../../Engine/Plugins/Animation/ControlRig/Content/Controls/ControlRig_Circle_solid.uexp" 479
"../../../Engine/Plugins/Animation/ControlRig/Content/Controls/ControlRig_Circle_3mm.ubulk" 480
"../../../Engine/Plugins/Animation/ControlRig/Content/Controls/ControlRig_Circle_3mm.uasset" 481
"../../../Engine/Plugins/Animation/ControlRig/Content/Controls/ControlRig_Circle_3mm.uexp" 482
"../../../Engine/Plugins/Animation/ControlRig/Content/Controls/ControlRig_Circle_1mm.ubulk" 483
"../../../Engine/Plugins/Animation/ControlRig/Content/Controls/ControlRig_Circle_1mm.uasset" 484
"../../../Engine/Plugins/Animation/ControlRig/Content/Controls/ControlRig_Circle_1mm.uexp" 485
"../../../Engine/Plugins/Animation/ControlRig/Content/Controls/ControlRig_Box_solid.ubulk" 486
"../../../Engine/Plugins/Animation/ControlRig/Content/Controls/ControlRig_Box_solid.uasset" 487
"../../../Engine/Plugins/Animation/ControlRig/Content/Controls/ControlRig_Box_solid.uexp" 488
"../../../Engine/Plugins/Animation/ControlRig/Content/Controls/ControlRig_Box_3mm.ubulk" 489
"../../../Engine/Plugins/Animation/ControlRig/Content/Controls/ControlRig_Box_3mm.uasset" 490
"../../../Engine/Plugins/Animation/ControlRig/Content/Controls/ControlRig_Box_3mm.uexp" 491
"../../../Engine/Plugins/Animation/ControlRig/Content/Controls/ControlRig_Box_1mm.ubulk" 492
"../../../Engine/Plugins/Animation/ControlRig/Content/Controls/ControlRig_Box_1mm.uasset" 493
"../../../Engine/Plugins/Animation/ControlRig/Content/Controls/ControlRig_Box_1mm.uexp" 494
"../../../Engine/Plugins/Animation/ControlRig/Content/Controls/ControlRig_Arrow_solid.ubulk" 495
"../../../Engine/Plugins/Animation/ControlRig/Content/Controls/ControlRig_Arrow_solid.uasset" 496
"../../../Engine/Plugins/Animation/ControlRig/Content/Controls/ControlRig_Arrow_solid.uexp" 497
"../../../Engine/Plugins/Animation/ControlRig/Content/Controls/ControlRig_Arrow_3mm.ubulk" 498
"../../../Engine/Plugins/Animation/ControlRig/Content/Controls/ControlRig_Arrow_3mm.uasset" 499
"../../../Engine/Plugins/Animation/ControlRig/Content/Controls/ControlRig_Arrow_3mm.uexp" 500
"../../../Engine/Plugins/Animation/ControlRig/Content/Controls/ControlRig_Arrow_1mm.ubulk" 501
"../../../Engine/Plugins/Animation/ControlRig/Content/Controls/ControlRig_Arrow_1mm.uasset" 502
"../../../Engine/Plugins/Animation/ControlRig/Content/Controls/ControlRig_Arrow_1mm.uexp" 503
"../../../Engine/Plugins/Animation/ControlRig/Content/Controls/ControlRig_Arrow4_solid.ubulk" 504
"../../../Engine/Plugins/Animation/ControlRig/Content/Controls/ControlRig_Arrow4_solid.uasset" 505
"../../../Engine/Plugins/Animation/ControlRig/Content/Controls/ControlRig_Arrow4_solid.uexp" 506
"../../../Engine/Plugins/Animation/ControlRig/Content/Controls/ControlRig_Arrow4_3mm.ubulk" 507
"../../../Engine/Plugins/Animation/ControlRig/Content/Controls/ControlRig_Arrow4_3mm.uasset" 508
"../../../Engine/Plugins/Animation/ControlRig/Content/Controls/ControlRig_Arrow4_3mm.uexp" 509
"../../../Engine/Plugins/Animation/ControlRig/Content/Controls/ControlRig_Arrow4_1mm.ubulk" 510
"../../../Engine/Plugins/Animation/ControlRig/Content/Controls/ControlRig_Arrow4_1mm.uasset" 511
"../../../Engine/Plugins/Animation/ControlRig/Content/Controls/ControlRig_Arrow4_1mm.uexp" 512
"../../../Engine/Plugins/Animation/ControlRig/Content/Controls/ControlRig_Arrow2_solid.ubulk" 513
"../../../Engine/Plugins/Animation/ControlRig/Content/Controls/ControlRig_Arrow2_solid.uasset" 514
"../../../Engine/Plugins/Animation/ControlRig/Content/Controls/ControlRig_Arrow2_solid.uexp" 515
"../../../Engine/Plugins/Animation/ControlRig/Content/Controls/ControlRig_Arrow2_3mm.ubulk" 516
"../../../Engine/Plugins/Animation/ControlRig/Content/Controls/ControlRig_Arrow2_3mm.uasset" 517
"../../../Engine/Plugins/Animation/ControlRig/Content/Controls/ControlRig_Arrow2_3mm.uexp" 518
"../../../Engine/Plugins/Animation/ControlRig/Content/Controls/ControlRig_Arrow2_1mm.ubulk" 519
"../../../Engine/Plugins/Animation/ControlRig/Content/Controls/ControlRig_Arrow2_1mm.uasset" 520
"../../../Engine/Plugins/Animation/ControlRig/Content/Controls/ControlRig_Arrow2_1mm.uexp" 521
"../../../Engine/Plugins/Animation/ControlRig/Content/Controls/ControlRigGizmoMaterial.uasset" 522
"../../../Engine/Plugins/Animation/ControlRig/Content/Controls/ControlRigGizmoMaterial.uexp" 523
"../../../Engine/Plugins/Editor/SpeedTreeImporter/Content/SpeedTree9/game_wind_noise.ubulk" 524
"../../../Engine/Plugins/Editor/SpeedTreeImporter/Content/SpeedTree9/game_wind_noise.uasset" 525
"../../../Engine/Plugins/Editor/SpeedTreeImporter/Content/SpeedTree9/game_wind_noise.uexp" 526
"../../../Engine/Plugins/Editor/SpeedTreeImporter/Content/SpeedTree9/UnpackDirection.uasset" 527
"../../../Engine/Plugins/Editor/SpeedTreeImporter/Content/SpeedTree9/UnpackDirection.uexp" 528
"../../../Engine/Content/Functions/Engine_MaterialFunctions02/ObjectLocalBounds.uasset" 529
"../../../Engine/Content/Functions/Engine_MaterialFunctions02/ObjectLocalBounds.uexp" 530
"../../../Engine/Content/Functions/Engine_MaterialFunctions02/UVs/BoundingBoxBased_0-1_UVW.uasset" 531
"../../../Engine/Content/Functions/Engine_MaterialFunctions02/UVs/BoundingBoxBased_0-1_UVW.uexp" 532
"../../../Engine/Content/Functions/Engine_MaterialFunctions02/Utility/VectorLength.uasset" 533
"../../../Engine/Content/Functions/Engine_MaterialFunctions02/Utility/VectorLength.uexp" 534
"../../../Engine/Plugins/Editor/SpeedTreeImporter/Content/SpeedTree9/UnpackInteger3.uasset" 535
"../../../Engine/Plugins/Editor/SpeedTreeImporter/Content/SpeedTree9/UnpackInteger3.uexp" 536
"../../../Engine/Plugins/Editor/SpeedTreeImporter/Content/SpeedTree9/SpeedTreeCameraFacing.uasset" 537
"../../../Engine/Plugins/Editor/SpeedTreeImporter/Content/SpeedTree9/SpeedTreeCameraFacing.uexp" 538
"../../../Engine/Content/Functions/Engine_MaterialFunctions02/WorldPositionOffset/ObjectScale.uasset" 539
"../../../Engine/Content/Functions/Engine_MaterialFunctions02/WorldPositionOffset/ObjectScale.uexp" 540
"../../../Engine/Content/Functions/Engine_MaterialFunctions02/SafeNormalize.uasset" 541
"../../../Engine/Content/Functions/Engine_MaterialFunctions02/SafeNormalize.uexp" 542
"../../../Engine/Plugins/Editor/SpeedTreeImporter/Content/SpeedTree9/SpeedTreeWindMotion.uasset" 543
"../../../Engine/Plugins/Editor/SpeedTreeImporter/Content/SpeedTree9/SpeedTreeWindMotion.uexp" 544
"../../../Engine/Plugins/Editor/SpeedTreeImporter/Content/SpeedTree9/SpeedTreeBranchMotion.uasset" 545
"../../../Engine/Plugins/Editor/SpeedTreeImporter/Content/SpeedTree9/SpeedTreeBranchMotion.uexp" 546
"../../../Engine/Plugins/Editor/SpeedTreeImporter/Content/SpeedTree9/SpeedTreeWind.uasset" 547
"../../../Engine/Plugins/Editor/SpeedTreeImporter/Content/SpeedTree9/SpeedTreeWind.uexp" 548
"../../../Engine/Plugins/Editor/SpeedTreeImporter/Content/SpeedTree9/EmptyNormal.uasset" 549
"../../../Engine/Plugins/Editor/SpeedTreeImporter/Content/SpeedTree9/EmptyNormal.uexp" 550
"../../../Engine/Plugins/Editor/SpeedTreeImporter/Content/SpeedTree9/Empty.uasset" 551
"../../../Engine/Plugins/Editor/SpeedTreeImporter/Content/SpeedTree9/Empty.uexp" 552
"../../../Engine/Plugins/Editor/SpeedTreeImporter/Content/SpeedTree9/SpeedTreeMaster.uasset" 553
"../../../Engine/Plugins/Editor/SpeedTreeImporter/Content/SpeedTree9/SpeedTreeMaster.uexp" 554
"../../../Engine/Plugins/Editor/SpeedTreeImporter/Content/SpeedTree9/SpeedTreeBillboard.uasset" 555
"../../../Engine/Plugins/Editor/SpeedTreeImporter/Content/SpeedTree9/SpeedTreeBillboard.uexp" 556
"../../../Engine/Plugins/Editor/SpeedTreeImporter/Content/SpeedTree9/SpeedTreeBillboardMaster.uasset" 557
"../../../Engine/Plugins/Editor/SpeedTreeImporter/Content/SpeedTree9/SpeedTreeBillboardMaster.uexp" 558
"../../../Engine/Plugins/Runtime/HairStrands/Content/Materials/HairMeshesDefaultMaterial.uasset" 559
"../../../Engine/Plugins/Runtime/HairStrands/Content/Materials/HairMeshesDefaultMaterial.uexp" 560
"../../../Engine/Plugins/Runtime/HairStrands/Content/Materials/HairDefaultMaterial.uasset" 561
"../../../Engine/Plugins/Runtime/HairStrands/Content/Materials/HairDefaultMaterial.uexp" 562
"../../../Engine/Plugins/Runtime/HairStrands/Content/Materials/HairGroupColors.uasset" 563
"../../../Engine/Plugins/Runtime/HairStrands/Content/Materials/HairGroupColors.uexp" 564
"../../../Engine/Content/EngineMaterials/HairColorMap.uasset" 565
"../../../Engine/Content/EngineMaterials/HairColorMap.uexp" 566
"../../../Engine/Content/EngineMaterials/HairDebugColor.uasset" 567
"../../../Engine/Content/EngineMaterials/HairDebugColor.uexp" 568
"../../../Engine/Plugins/Runtime/HairStrands/Content/Materials/HairDebugMaterial.uasset" 569
"../../../Engine/Plugins/Runtime/HairStrands/Content/Materials/HairDebugMaterial.uexp" 570
"../../../Engine/Plugins/Runtime/HairStrands/Content/Materials/HairCardsDefaultMaterial.uasset" 571
"../../../Engine/Plugins/Runtime/HairStrands/Content/Materials/HairCardsDefaultMaterial.uexp" 572
"D:/Unreal Projects/Test/Content/BP/Char_State.uasset" 573
"D:/Unreal Projects/Test/Content/BP/Char_State.uexp" 574
"../../../Engine/Content/EditorBlueprintResources/StandardMacros.uasset" 575
"../../../Engine/Content/EditorBlueprintResources/StandardMacros.uexp" 576
"../../../Engine/Plugins/2D/Paper2D/Content/TranslucentUnlitSpriteMaterial.uasset" 577
"../../../Engine/Plugins/2D/Paper2D/Content/TranslucentUnlitSpriteMaterial.uexp" 578
"D:/Unreal Projects/Test/Content/BP/Character/Animations/Sprites/Throw/Throw__009.uasset" 579
"D:/Unreal Projects/Test/Content/BP/Character/Animations/Sprites/Throw/Throw__009.uexp" 580
"D:/Unreal Projects/Test/Content/BP/Character/Animations/Sprites/Throw/Throw__009_Sprite.uasset" 581
"D:/Unreal Projects/Test/Content/BP/Character/Animations/Sprites/Throw/Throw__009_Sprite.uexp" 582
"D:/Unreal Projects/Test/Content/BP/Character/Animations/Sprites/Throw/Throw__008.uasset" 583
"D:/Unreal Projects/Test/Content/BP/Character/Animations/Sprites/Throw/Throw__008.uexp" 584
"D:/Unreal Projects/Test/Content/BP/Character/Animations/Sprites/Throw/Throw__008_Sprite.uasset" 585
"D:/Unreal Projects/Test/Content/BP/Character/Animations/Sprites/Throw/Throw__008_Sprite.uexp" 586
"D:/Unreal Projects/Test/Content/BP/Character/Animations/Sprites/Throw/Throw__007.uasset" 587
"D:/Unreal Projects/Test/Content/BP/Character/Animations/Sprites/Throw/Throw__007.uexp" 588
"D:/Unreal Projects/Test/Content/BP/Character/Animations/Sprites/Throw/Throw__007_Sprite.uasset" 589
"D:/Unreal Projects/Test/Content/BP/Character/Animations/Sprites/Throw/Throw__007_Sprite.uexp" 590
"D:/Unreal Projects/Test/Content/BP/Character/Animations/Sprites/Throw/Throw__006.uasset" 591
"D:/Unreal Projects/Test/Content/BP/Character/Animations/Sprites/Throw/Throw__006.uexp" 592
"D:/Unreal Projects/Test/Content/BP/Character/Animations/Sprites/Throw/Throw__006_Sprite.uasset" 593
"D:/Unreal Projects/Test/Content/BP/Character/Animations/Sprites/Throw/Throw__006_Sprite.uexp" 594
"D:/Unreal Projects/Test/Content/BP/Character/Animations/Sprites/Throw/Throw__005.uasset" 595
"D:/Unreal Projects/Test/Content/BP/Character/Animations/Sprites/Throw/Throw__005.uexp" 596
"D:/Unreal Projects/Test/Content/BP/Character/Animations/Sprites/Throw/Throw__005_Sprite.uasset" 597
"D:/Unreal Projects/Test/Content/BP/Character/Animations/Sprites/Throw/Throw__005_Sprite.uexp" 598
"D:/Unreal Projects/Test/Content/BP/Character/Animations/Sprites/Throw/Throw__004.uasset" 599
"D:/Unreal Projects/Test/Content/BP/Character/Animations/Sprites/Throw/Throw__004.uexp" 600
"D:/Unreal Projects/Test/Content/BP/Character/Animations/Sprites/Throw/Throw__004_Sprite.uasset" 601
"D:/Unreal Projects/Test/Content/BP/Character/Animations/Sprites/Throw/Throw__004_Sprite.uexp" 602
"D:/Unreal Projects/Test/Content/BP/Character/Animations/Sprites/Throw/Throw__003.uasset" 603
"D:/Unreal Projects/Test/Content/BP/Character/Animations/Sprites/Throw/Throw__003.uexp" 604
"D:/Unreal Projects/Test/Content/BP/Character/Animations/Sprites/Throw/Throw__003_Sprite.uasset" 605
"D:/Unreal Projects/Test/Content/BP/Character/Animations/Sprites/Throw/Throw__003_Sprite.uexp" 606
"D:/Unreal Projects/Test/Content/BP/Character/Animations/Sprites/Throw/Throw__002.uasset" 607
"D:/Unreal Projects/Test/Content/BP/Character/Animations/Sprites/Throw/Throw__002.uexp" 608
"D:/Unreal Projects/Test/Content/BP/Character/Animations/Sprites/Throw/Throw__002_Sprite.uasset" 609
"D:/Unreal Projects/Test/Content/BP/Character/Animations/Sprites/Throw/Throw__002_Sprite.uexp" 610
"D:/Unreal Projects/Test/Content/BP/Character/Animations/Sprites/Throw/Throw__001.uasset" 611
"D:/Unreal Projects/Test/Content/BP/Character/Animations/Sprites/Throw/Throw__001.uexp" 612
"D:/Unreal Projects/Test/Content/BP/Character/Animations/Sprites/Throw/Throw__001_Sprite.uasset" 613
"D:/Unreal Projects/Test/Content/BP/Character/Animations/Sprites/Throw/Throw__001_Sprite.uexp" 614
"D:/Unreal Projects/Test/Content/BP/Character/Animations/Sprites/Throw/Throw__000.uasset" 615
"D:/Unreal Projects/Test/Content/BP/Character/Animations/Sprites/Throw/Throw__000.uexp" 616
"D:/Unreal Projects/Test/Content/BP/Character/Animations/Sprites/Throw/Throw__000_Sprite.uasset" 617
"D:/Unreal Projects/Test/Content/BP/Character/Animations/Sprites/Throw/Throw__000_Sprite.uexp" 618
"D:/Unreal Projects/Test/Content/BP/Character/Animations/Flipbook/Throw.uasset" 619
"D:/Unreal Projects/Test/Content/BP/Character/Animations/Flipbook/Throw.uexp" 620
"D:/Unreal Projects/Test/Content/BP/Character/Animations/Sprites/Sword_Attack/Attack__009.uasset" 621
"D:/Unreal Projects/Test/Content/BP/Character/Animations/Sprites/Sword_Attack/Attack__009.uexp" 622
"D:/Unreal Projects/Test/Content/BP/Character/Animations/Sprites/Sword_Attack/Attack__009_Sprite.uasset" 623
"D:/Unreal Projects/Test/Content/BP/Character/Animations/Sprites/Sword_Attack/Attack__009_Sprite.uexp" 624
"D:/Unreal Projects/Test/Content/BP/Character/Animations/Sprites/Sword_Attack/Attack__008.uasset" 625
"D:/Unreal Projects/Test/Content/BP/Character/Animations/Sprites/Sword_Attack/Attack__008.uexp" 626
"D:/Unreal Projects/Test/Content/BP/Character/Animations/Sprites/Sword_Attack/Attack__008_Sprite.uasset" 627
"D:/Unreal Projects/Test/Content/BP/Character/Animations/Sprites/Sword_Attack/Attack__008_Sprite.uexp" 628
"D:/Unreal Projects/Test/Content/BP/Character/Animations/Sprites/Sword_Attack/Attack__007.uasset" 629
"D:/Unreal Projects/Test/Content/BP/Character/Animations/Sprites/Sword_Attack/Attack__007.uexp" 630
"D:/Unreal Projects/Test/Content/BP/Character/Animations/Sprites/Sword_Attack/Attack__007_Sprite.uasset" 631
"D:/Unreal Projects/Test/Content/BP/Character/Animations/Sprites/Sword_Attack/Attack__007_Sprite.uexp" 632
"D:/Unreal Projects/Test/Content/BP/Character/Animations/Sprites/Sword_Attack/Attack__006.uasset" 633
"D:/Unreal Projects/Test/Content/BP/Character/Animations/Sprites/Sword_Attack/Attack__006.uexp" 634
"D:/Unreal Projects/Test/Content/BP/Character/Animations/Sprites/Sword_Attack/Attack__006_Sprite.uasset" 635
"D:/Unreal Projects/Test/Content/BP/Character/Animations/Sprites/Sword_Attack/Attack__006_Sprite.uexp" 636
"D:/Unreal Projects/Test/Content/BP/Character/Animations/Sprites/Sword_Attack/Attack__005.uasset" 637
"D:/Unreal Projects/Test/Content/BP/Character/Animations/Sprites/Sword_Attack/Attack__005.uexp" 638
"D:/Unreal Projects/Test/Content/BP/Character/Animations/Sprites/Sword_Attack/Attack__005_Sprite.uasset" 639
"D:/Unreal Projects/Test/Content/BP/Character/Animations/Sprites/Sword_Attack/Attack__005_Sprite.uexp" 640
"D:/Unreal Projects/Test/Content/BP/Character/Animations/Sprites/Sword_Attack/Attack__004.uasset" 641
"D:/Unreal Projects/Test/Content/BP/Character/Animations/Sprites/Sword_Attack/Attack__004.uexp" 642
"D:/Unreal Projects/Test/Content/BP/Character/Animations/Sprites/Sword_Attack/Attack__004_Sprite.uasset" 643
"D:/Unreal Projects/Test/Content/BP/Character/Animations/Sprites/Sword_Attack/Attack__004_Sprite.uexp" 644
"D:/Unreal Projects/Test/Content/BP/Character/Animations/Sprites/Sword_Attack/Attack__003.uasset" 645
"D:/Unreal Projects/Test/Content/BP/Character/Animations/Sprites/Sword_Attack/Attack__003.uexp" 646
"D:/Unreal Projects/Test/Content/BP/Character/Animations/Sprites/Sword_Attack/Attack__003_Sprite.uasset" 647
"D:/Unreal Projects/Test/Content/BP/Character/Animations/Sprites/Sword_Attack/Attack__003_Sprite.uexp" 648
"D:/Unreal Projects/Test/Content/BP/Character/Animations/Sprites/Sword_Attack/Attack__002.uasset" 649
"D:/Unreal Projects/Test/Content/BP/Character/Animations/Sprites/Sword_Attack/Attack__002.uexp" 650
"D:/Unreal Projects/Test/Content/BP/Character/Animations/Sprites/Sword_Attack/Attack__002_Sprite.uasset" 651
"D:/Unreal Projects/Test/Content/BP/Character/Animations/Sprites/Sword_Attack/Attack__002_Sprite.uexp" 652
"D:/Unreal Projects/Test/Content/BP/Character/Animations/Sprites/Sword_Attack/Attack__001.uasset" 653
"D:/Unreal Projects/Test/Content/BP/Character/Animations/Sprites/Sword_Attack/Attack__001.uexp" 654
"D:/Unreal Projects/Test/Content/BP/Character/Animations/Sprites/Sword_Attack/Attack__001_Sprite.uasset" 655
"D:/Unreal Projects/Test/Content/BP/Character/Animations/Sprites/Sword_Attack/Attack__001_Sprite.uexp" 656
"D:/Unreal Projects/Test/Content/BP/Character/Animations/Sprites/Sword_Attack/Attack__000.uasset" 657
"D:/Unreal Projects/Test/Content/BP/Character/Animations/Sprites/Sword_Attack/Attack__000.uexp" 658
"D:/Unreal Projects/Test/Content/BP/Character/Animations/Sprites/Sword_Attack/Attack__000_Sprite.uasset" 659
"D:/Unreal Projects/Test/Content/BP/Character/Animations/Sprites/Sword_Attack/Attack__000_Sprite.uexp" 660
"D:/Unreal Projects/Test/Content/BP/Character/Animations/Flipbook/Sword_Attack.uasset" 661
"D:/Unreal Projects/Test/Content/BP/Character/Animations/Flipbook/Sword_Attack.uexp" 662
"D:/Unreal Projects/Test/Content/BP/Character/Animations/Sprites/Run/Run__009.uasset" 663
"D:/Unreal Projects/Test/Content/BP/Character/Animations/Sprites/Run/Run__009.uexp" 664
"D:/Unreal Projects/Test/Content/BP/Character/Animations/Sprites/Run/Run__009_Sprite.uasset" 665
"D:/Unreal Projects/Test/Content/BP/Character/Animations/Sprites/Run/Run__009_Sprite.uexp" 666
"D:/Unreal Projects/Test/Content/BP/Character/Animations/Sprites/Run/Run__008.uasset" 667
"D:/Unreal Projects/Test/Content/BP/Character/Animations/Sprites/Run/Run__008.uexp" 668
"D:/Unreal Projects/Test/Content/BP/Character/Animations/Sprites/Run/Run__008_Sprite.uasset" 669
"D:/Unreal Projects/Test/Content/BP/Character/Animations/Sprites/Run/Run__008_Sprite.uexp" 670
"D:/Unreal Projects/Test/Content/BP/Character/Animations/Sprites/Run/Run__007.uasset" 671
"D:/Unreal Projects/Test/Content/BP/Character/Animations/Sprites/Run/Run__007.uexp" 672
"D:/Unreal Projects/Test/Content/BP/Character/Animations/Sprites/Run/Run__007_Sprite.uasset" 673
"D:/Unreal Projects/Test/Content/BP/Character/Animations/Sprites/Run/Run__007_Sprite.uexp" 674
"D:/Unreal Projects/Test/Content/BP/Character/Animations/Sprites/Run/Run__006.uasset" 675
"D:/Unreal Projects/Test/Content/BP/Character/Animations/Sprites/Run/Run__006.uexp" 676
"D:/Unreal Projects/Test/Content/BP/Character/Animations/Sprites/Run/Run__006_Sprite.uasset" 677
"D:/Unreal Projects/Test/Content/BP/Character/Animations/Sprites/Run/Run__006_Sprite.uexp" 678
"D:/Unreal Projects/Test/Content/BP/Character/Animations/Sprites/Run/Run__005.uasset" 679
"D:/Unreal Projects/Test/Content/BP/Character/Animations/Sprites/Run/Run__005.uexp" 680
"D:/Unreal Projects/Test/Content/BP/Character/Animations/Sprites/Run/Run__005_Sprite.uasset" 681
"D:/Unreal Projects/Test/Content/BP/Character/Animations/Sprites/Run/Run__005_Sprite.uexp" 682
"D:/Unreal Projects/Test/Content/BP/Character/Animations/Sprites/Run/Run__004.uasset" 683
"D:/Unreal Projects/Test/Content/BP/Character/Animations/Sprites/Run/Run__004.uexp" 684
"D:/Unreal Projects/Test/Content/BP/Character/Animations/Sprites/Run/Run__004_Sprite.uasset" 685
"D:/Unreal Projects/Test/Content/BP/Character/Animations/Sprites/Run/Run__004_Sprite.uexp" 686
"D:/Unreal Projects/Test/Content/BP/Character/Animations/Sprites/Run/Run__003.uasset" 687
"D:/Unreal Projects/Test/Content/BP/Character/Animations/Sprites/Run/Run__003.uexp" 688
"D:/Unreal Projects/Test/Content/BP/Character/Animations/Sprites/Run/Run__003_Sprite.uasset" 689
"D:/Unreal Projects/Test/Content/BP/Character/Animations/Sprites/Run/Run__003_Sprite.uexp" 690
"D:/Unreal Projects/Test/Content/BP/Character/Animations/Sprites/Run/Run__002.uasset" 691
"D:/Unreal Projects/Test/Content/BP/Character/Animations/Sprites/Run/Run__002.uexp" 692
"D:/Unreal Projects/Test/Content/BP/Character/Animations/Sprites/Run/Run__002_Sprite.uasset" 693
"D:/Unreal Projects/Test/Content/BP/Character/Animations/Sprites/Run/Run__002_Sprite.uexp" 694
"D:/Unreal Projects/Test/Content/BP/Character/Animations/Sprites/Run/Run__001.uasset" 695
"D:/Unreal Projects/Test/Content/BP/Character/Animations/Sprites/Run/Run__001.uexp" 696
"D:/Unreal Projects/Test/Content/BP/Character/Animations/Sprites/Run/Run__001_Sprite.uasset" 697
"D:/Unreal Projects/Test/Content/BP/Character/Animations/Sprites/Run/Run__001_Sprite.uexp" 698
"D:/Unreal Projects/Test/Content/BP/Character/Animations/Sprites/Run/Run__000.uasset" 699
"D:/Unreal Projects/Test/Content/BP/Character/Animations/Sprites/Run/Run__000.uexp" 700
"D:/Unreal Projects/Test/Content/BP/Character/Animations/Sprites/Run/Run__000_Sprite.uasset" 701
"D:/Unreal Projects/Test/Content/BP/Character/Animations/Sprites/Run/Run__000_Sprite.uexp" 702
"D:/Unreal Projects/Test/Content/BP/Character/Animations/Flipbook/Run.uasset" 703
"D:/Unreal Projects/Test/Content/BP/Character/Animations/Flipbook/Run.uexp" 704
"D:/Unreal Projects/Test/Content/BP/Character/Animations/Sprites/Jump_Attack/Jump_Attack__009.uasset" 705
"D:/Unreal Projects/Test/Content/BP/Character/Animations/Sprites/Jump_Attack/Jump_Attack__009.uexp" 706
"D:/Unreal Projects/Test/Content/BP/Character/Animations/Sprites/Jump_Attack/Jump_Attack__009_Sprite.uasset" 707
"D:/Unreal Projects/Test/Content/BP/Character/Animations/Sprites/Jump_Attack/Jump_Attack__009_Sprite.uexp" 708
"D:/Unreal Projects/Test/Content/BP/Character/Animations/Sprites/Jump_Attack/Jump_Attack__008.uasset" 709
"D:/Unreal Projects/Test/Content/BP/Character/Animations/Sprites/Jump_Attack/Jump_Attack__008.uexp" 710
"D:/Unreal Projects/Test/Content/BP/Character/Animations/Sprites/Jump_Attack/Jump_Attack__008_Sprite.uasset" 711
"D:/Unreal Projects/Test/Content/BP/Character/Animations/Sprites/Jump_Attack/Jump_Attack__008_Sprite.uexp" 712
"D:/Unreal Projects/Test/Content/BP/Character/Animations/Sprites/Jump_Attack/Jump_Attack__007.uasset" 713
"D:/Unreal Projects/Test/Content/BP/Character/Animations/Sprites/Jump_Attack/Jump_Attack__007.uexp" 714
"D:/Unreal Projects/Test/Content/BP/Character/Animations/Sprites/Jump_Attack/Jump_Attack__007_Sprite.uasset" 715
"D:/Unreal Projects/Test/Content/BP/Character/Animations/Sprites/Jump_Attack/Jump_Attack__007_Sprite.uexp" 716
"D:/Unreal Projects/Test/Content/BP/Character/Animations/Sprites/Jump_Attack/Jump_Attack__006.uasset" 717
"D:/Unreal Projects/Test/Content/BP/Character/Animations/Sprites/Jump_Attack/Jump_Attack__006.uexp" 718
"D:/Unreal Projects/Test/Content/BP/Character/Animations/Sprites/Jump_Attack/Jump_Attack__006_Sprite.uasset" 719
"D:/Unreal Projects/Test/Content/BP/Character/Animations/Sprites/Jump_Attack/Jump_Attack__006_Sprite.uexp" 720
"D:/Unreal Projects/Test/Content/BP/Character/Animations/Sprites/Jump_Attack/Jump_Attack__005.uasset" 721
"D:/Unreal Projects/Test/Content/BP/Character/Animations/Sprites/Jump_Attack/Jump_Attack__005.uexp" 722
"D:/Unreal Projects/Test/Content/BP/Character/Animations/Sprites/Jump_Attack/Jump_Attack__005_Sprite.uasset" 723
"D:/Unreal Projects/Test/Content/BP/Character/Animations/Sprites/Jump_Attack/Jump_Attack__005_Sprite.uexp" 724
"D:/Unreal Projects/Test/Content/BP/Character/Animations/Sprites/Jump_Attack/Jump_Attack__004.uasset" 725
"D:/Unreal Projects/Test/Content/BP/Character/Animations/Sprites/Jump_Attack/Jump_Attack__004.uexp" 726
"D:/Unreal Projects/Test/Content/BP/Character/Animations/Sprites/Jump_Attack/Jump_Attack__004_Sprite.uasset" 727
"D:/Unreal Projects/Test/Content/BP/Character/Animations/Sprites/Jump_Attack/Jump_Attack__004_Sprite.uexp" 728
"D:/Unreal Projects/Test/Content/BP/Character/Animations/Sprites/Jump_Attack/Jump_Attack__003.uasset" 729
"D:/Unreal Projects/Test/Content/BP/Character/Animations/Sprites/Jump_Attack/Jump_Attack__003.uexp" 730
"D:/Unreal Projects/Test/Content/BP/Character/Animations/Sprites/Jump_Attack/Jump_Attack__003_Sprite.uasset" 731
"D:/Unreal Projects/Test/Content/BP/Character/Animations/Sprites/Jump_Attack/Jump_Attack__003_Sprite.uexp" 732
"D:/Unreal Projects/Test/Content/BP/Character/Animations/Sprites/Jump_Attack/Jump_Attack__002.uasset" 733
"D:/Unreal Projects/Test/Content/BP/Character/Animations/Sprites/Jump_Attack/Jump_Attack__002.uexp" 734
"D:/Unreal Projects/Test/Content/BP/Character/Animations/Sprites/Jump_Attack/Jump_Attack__002_Sprite.uasset" 735
"D:/Unreal Projects/Test/Content/BP/Character/Animations/Sprites/Jump_Attack/Jump_Attack__002_Sprite.uexp" 736
"D:/Unreal Projects/Test/Content/BP/Character/Animations/Sprites/Jump_Attack/Jump_Attack__001.uasset" 737
"D:/Unreal Projects/Test/Content/BP/Character/Animations/Sprites/Jump_Attack/Jump_Attack__001.uexp" 738
"D:/Unreal Projects/Test/Content/BP/Character/Animations/Sprites/Jump_Attack/Jump_Attack__001_Sprite.uasset" 739
"D:/Unreal Projects/Test/Content/BP/Character/Animations/Sprites/Jump_Attack/Jump_Attack__001_Sprite.uexp" 740
"D:/Unreal Projects/Test/Content/BP/Character/Animations/Flipbook/Jump_Attack.uasset" 741
"D:/Unreal Projects/Test/Content/BP/Character/Animations/Flipbook/Jump_Attack.uexp" 742
"D:/Unreal Projects/Test/Content/BP/Character/Animations/Sprites/Jump/Jump__009.uasset" 743
"D:/Unreal Projects/Test/Content/BP/Character/Animations/Sprites/Jump/Jump__009.uexp" 744
"D:/Unreal Projects/Test/Content/BP/Character/Animations/Sprites/Jump/Jump__009_Sprite.uasset" 745
"D:/Unreal Projects/Test/Content/BP/Character/Animations/Sprites/Jump/Jump__009_Sprite.uexp" 746
"D:/Unreal Projects/Test/Content/BP/Character/Animations/Sprites/Jump/Jump__008.uasset" 747
"D:/Unreal Projects/Test/Content/BP/Character/Animations/Sprites/Jump/Jump__008.uexp" 748
"D:/Unreal Projects/Test/Content/BP/Character/Animations/Sprites/Jump/Jump__008_Sprite.uasset" 749
"D:/Unreal Projects/Test/Content/BP/Character/Animations/Sprites/Jump/Jump__008_Sprite.uexp" 750
"D:/Unreal Projects/Test/Content/BP/Character/Animations/Sprites/Jump/Jump__007.uasset" 751
"D:/Unreal Projects/Test/Content/BP/Character/Animations/Sprites/Jump/Jump__007.uexp" 752
"D:/Unreal Projects/Test/Content/BP/Character/Animations/Sprites/Jump/Jump__007_Sprite.uasset" 753
"D:/Unreal Projects/Test/Content/BP/Character/Animations/Sprites/Jump/Jump__007_Sprite.uexp" 754
"D:/Unreal Projects/Test/Content/BP/Character/Animations/Sprites/Jump/Jump__006.uasset" 755
"D:/Unreal Projects/Test/Content/BP/Character/Animations/Sprites/Jump/Jump__006.uexp" 756
"D:/Unreal Projects/Test/Content/BP/Character/Animations/Sprites/Jump/Jump__006_Sprite.uasset" 757
"D:/Unreal Projects/Test/Content/BP/Character/Animations/Sprites/Jump/Jump__006_Sprite.uexp" 758
"D:/Unreal Projects/Test/Content/BP/Character/Animations/Sprites/Jump/Jump__005.uasset" 759
"D:/Unreal Projects/Test/Content/BP/Character/Animations/Sprites/Jump/Jump__005.uexp" 760
"D:/Unreal Projects/Test/Content/BP/Character/Animations/Sprites/Jump/Jump__005_Sprite.uasset" 761
"D:/Unreal Projects/Test/Content/BP/Character/Animations/Sprites/Jump/Jump__005_Sprite.uexp" 762
"D:/Unreal Projects/Test/Content/BP/Character/Animations/Sprites/Jump/Jump__004.uasset" 763
"D:/Unreal Projects/Test/Content/BP/Character/Animations/Sprites/Jump/Jump__004.uexp" 764
"D:/Unreal Projects/Test/Content/BP/Character/Animations/Sprites/Jump/Jump__004_Sprite.uasset" 765
"D:/Unreal Projects/Test/Content/BP/Character/Animations/Sprites/Jump/Jump__004_Sprite.uexp" 766
"D:/Unreal Projects/Test/Content/BP/Character/Animations/Sprites/Jump/Jump__003.uasset" 767
"D:/Unreal Projects/Test/Content/BP/Character/Animations/Sprites/Jump/Jump__003.uexp" 768
"D:/Unreal Projects/Test/Content/BP/Character/Animations/Sprites/Jump/Jump__003_Sprite.uasset" 769
"D:/Unreal Projects/Test/Content/BP/Character/Animations/Sprites/Jump/Jump__003_Sprite.uexp" 770
"D:/Unreal Projects/Test/Content/BP/Character/Animations/Sprites/Jump/Jump__002.uasset" 771
"D:/Unreal Projects/Test/Content/BP/Character/Animations/Sprites/Jump/Jump__002.uexp" 772
"D:/Unreal Projects/Test/Content/BP/Character/Animations/Sprites/Jump/Jump__002_Sprite.uasset" 773
"D:/Unreal Projects/Test/Content/BP/Character/Animations/Sprites/Jump/Jump__002_Sprite.uexp" 774
"D:/Unreal Projects/Test/Content/BP/Character/Animations/Sprites/Jump/Jump__001.uasset" 775
"D:/Unreal Projects/Test/Content/BP/Character/Animations/Sprites/Jump/Jump__001.uexp" 776
"D:/Unreal Projects/Test/Content/BP/Character/Animations/Sprites/Jump/Jump__001_Sprite.uasset" 777
"D:/Unreal Projects/Test/Content/BP/Character/Animations/Sprites/Jump/Jump__001_Sprite.uexp" 778
"D:/Unreal Projects/Test/Content/BP/Character/Animations/Sprites/Jump/Jump__000.uasset" 779
"D:/Unreal Projects/Test/Content/BP/Character/Animations/Sprites/Jump/Jump__000.uexp" 780
"D:/Unreal Projects/Test/Content/BP/Character/Animations/Sprites/Jump/Jump__000_Sprite.uasset" 781
"D:/Unreal Projects/Test/Content/BP/Character/Animations/Sprites/Jump/Jump__000_Sprite.uexp" 782
"D:/Unreal Projects/Test/Content/BP/Character/Animations/Flipbook/Jump.uasset" 783
"D:/Unreal Projects/Test/Content/BP/Character/Animations/Flipbook/Jump.uexp" 784
"D:/Unreal Projects/Test/Content/BP/Character/Animations/Sprites/Idle/Idle__009.uasset" 785
"D:/Unreal Projects/Test/Content/BP/Character/Animations/Sprites/Idle/Idle__009.uexp" 786
"D:/Unreal Projects/Test/Content/BP/Character/Animations/Sprites/Idle/Idle__009_Sprite.uasset" 787
"D:/Unreal Projects/Test/Content/BP/Character/Animations/Sprites/Idle/Idle__009_Sprite.uexp" 788
"D:/Unreal Projects/Test/Content/BP/Character/Animations/Sprites/Idle/Idle__008.uasset" 789
"D:/Unreal Projects/Test/Content/BP/Character/Animations/Sprites/Idle/Idle__008.uexp" 790
"D:/Unreal Projects/Test/Content/BP/Character/Animations/Sprites/Idle/Idle__008_Sprite.uasset" 791
"D:/Unreal Projects/Test/Content/BP/Character/Animations/Sprites/Idle/Idle__008_Sprite.uexp" 792
"D:/Unreal Projects/Test/Content/BP/Character/Animations/Sprites/Idle/Idle__007.uasset" 793
"D:/Unreal Projects/Test/Content/BP/Character/Animations/Sprites/Idle/Idle__007.uexp" 794
"D:/Unreal Projects/Test/Content/BP/Character/Animations/Sprites/Idle/Idle__007_Sprite.uasset" 795
"D:/Unreal Projects/Test/Content/BP/Character/Animations/Sprites/Idle/Idle__007_Sprite.uexp" 796
"D:/Unreal Projects/Test/Content/BP/Character/Animations/Sprites/Idle/Idle__006.uasset" 797
"D:/Unreal Projects/Test/Content/BP/Character/Animations/Sprites/Idle/Idle__006.uexp" 798
"D:/Unreal Projects/Test/Content/BP/Character/Animations/Sprites/Idle/Idle__006_Sprite.uasset" 799
"D:/Unreal Projects/Test/Content/BP/Character/Animations/Sprites/Idle/Idle__006_Sprite.uexp" 800
"D:/Unreal Projects/Test/Content/BP/Character/Animations/Sprites/Idle/Idle__005.uasset" 801
"D:/Unreal Projects/Test/Content/BP/Character/Animations/Sprites/Idle/Idle__005.uexp" 802
"D:/Unreal Projects/Test/Content/BP/Character/Animations/Sprites/Idle/Idle__005_Sprite.uasset" 803
"D:/Unreal Projects/Test/Content/BP/Character/Animations/Sprites/Idle/Idle__005_Sprite.uexp" 804
"D:/Unreal Projects/Test/Content/BP/Character/Animations/Sprites/Idle/Idle__004.uasset" 805
"D:/Unreal Projects/Test/Content/BP/Character/Animations/Sprites/Idle/Idle__004.uexp" 806
"D:/Unreal Projects/Test/Content/BP/Character/Animations/Sprites/Idle/Idle__004_Sprite.uasset" 807
"D:/Unreal Projects/Test/Content/BP/Character/Animations/Sprites/Idle/Idle__004_Sprite.uexp" 808
"D:/Unreal Projects/Test/Content/BP/Character/Animations/Sprites/Idle/Idle__003.uasset" 809
"D:/Unreal Projects/Test/Content/BP/Character/Animations/Sprites/Idle/Idle__003.uexp" 810
"D:/Unreal Projects/Test/Content/BP/Character/Animations/Sprites/Idle/Idle__003_Sprite.uasset" 811
"D:/Unreal Projects/Test/Content/BP/Character/Animations/Sprites/Idle/Idle__003_Sprite.uexp" 812
"D:/Unreal Projects/Test/Content/BP/Character/Animations/Sprites/Idle/Idle__002.uasset" 813
"D:/Unreal Projects/Test/Content/BP/Character/Animations/Sprites/Idle/Idle__002.uexp" 814
"D:/Unreal Projects/Test/Content/BP/Character/Animations/Sprites/Idle/Idle__002_Sprite.uasset" 815
"D:/Unreal Projects/Test/Content/BP/Character/Animations/Sprites/Idle/Idle__002_Sprite.uexp" 816
"D:/Unreal Projects/Test/Content/BP/Character/Animations/Sprites/Idle/Idle__001.uasset" 817
"D:/Unreal Projects/Test/Content/BP/Character/Animations/Sprites/Idle/Idle__001.uexp" 818
"D:/Unreal Projects/Test/Content/BP/Character/Animations/Sprites/Idle/Idle__001_Sprite.uasset" 819
"D:/Unreal Projects/Test/Content/BP/Character/Animations/Sprites/Idle/Idle__001_Sprite.uexp" 820
"D:/Unreal Projects/Test/Content/BP/Character/Animations/Sprites/Idle/Idle__000.uasset" 821
"D:/Unreal Projects/Test/Content/BP/Character/Animations/Sprites/Idle/Idle__000.uexp" 822
"D:/Unreal Projects/Test/Content/BP/Character/Animations/Sprites/Idle/Idle__000_Sprite.uasset" 823
"D:/Unreal Projects/Test/Content/BP/Character/Animations/Sprites/Idle/Idle__000_Sprite.uexp" 824
"D:/Unreal Projects/Test/Content/BP/Character/Animations/Flipbook/Idle.uasset" 825
"D:/Unreal Projects/Test/Content/BP/Character/Animations/Flipbook/Idle.uexp" 826
"D:/Unreal Projects/Test/Content/BP/Character/Animations/Sprites/Hit/Hit_000.uasset" 827
"D:/Unreal Projects/Test/Content/BP/Character/Animations/Sprites/Hit/Hit_000.uexp" 828
"D:/Unreal Projects/Test/Content/BP/Character/Animations/Sprites/Hit/Hit_000_Sprite_0.uasset" 829
"D:/Unreal Projects/Test/Content/BP/Character/Animations/Sprites/Hit/Hit_000_Sprite_0.uexp" 830
"D:/Unreal Projects/Test/Content/BP/Character/Animations/Flipbook/Hit.uasset" 831
"D:/Unreal Projects/Test/Content/BP/Character/Animations/Flipbook/Hit.uexp" 832
"D:/Unreal Projects/Test/Content/BP/Projectile/Kunai/Animation/Sprites/Kunai.uasset" 833
"D:/Unreal Projects/Test/Content/BP/Projectile/Kunai/Animation/Sprites/Kunai.uexp" 834
"D:/Unreal Projects/Test/Content/BP/Projectile/Kunai/Animation/Sprites/Kunai_Sprite.uasset" 835
"D:/Unreal Projects/Test/Content/BP/Projectile/Kunai/Animation/Sprites/Kunai_Sprite.uexp" 836
"D:/Unreal Projects/Test/Content/BP/Projectile/Kunai/BP_Kunai.uasset" 837
"D:/Unreal Projects/Test/Content/BP/Projectile/Kunai/BP_Kunai.uexp" 838
"D:/Unreal Projects/Test/Content/BP/Character/BP_Ninja.uasset" 839
"D:/Unreal Projects/Test/Content/BP/Character/BP_Ninja.uexp" 840
"D:/Unreal Projects/Test/Content/BP/Character/MyGameMod.uasset" 841
"D:/Unreal Projects/Test/Content/BP/Character/MyGameMod.uexp" 842
"../../../Engine/Content/Maps/Entry_BuiltData.uasset" 843
"../../../Engine/Content/Maps/Entry_BuiltData.uexp" 844
"../../../Engine/Content/Maps/Entry.uexp" 845
"../../../Engine/Content/Maps/Entry.umap" 846
"D:/Unreal Projects/Test/Content/MapSprites/Objects/Mushroom_1.uasset" 847
"D:/Unreal Projects/Test/Content/MapSprites/Objects/Mushroom_1.uexp" 848
"D:/Unreal Projects/Test/Content/MapSprites/Objects/Sprites/Mushroom_1_Sprite.uasset" 849
"D:/Unreal Projects/Test/Content/MapSprites/Objects/Sprites/Mushroom_1_Sprite.uexp" 850
"D:/Unreal Projects/Test/Content/BP/InteractiveObjects/BadMushroom/BP_BadMushroom.uasset" 851
"D:/Unreal Projects/Test/Content/BP/InteractiveObjects/BadMushroom/BP_BadMushroom.uexp" 852
"D:/Unreal Projects/Test/Content/MapSprites/Tileset/Envir.uasset" 853
"D:/Unreal Projects/Test/Content/MapSprites/Tileset/Envir.uexp" 854
"D:/Unreal Projects/Test/Content/MapSprites/Tileset/Envir_TileSet.uasset" 855
"D:/Unreal Projects/Test/Content/MapSprites/Tileset/Envir_TileSet.uexp" 856
"D:/Unreal Projects/Test/Content/MapSprites/Tileset/Envir_TileMap.uasset" 857
"D:/Unreal Projects/Test/Content/MapSprites/Tileset/Envir_TileMap.uexp" 858
"D:/Unreal Projects/Test/Content/MapSprites/BG/BG.uasset" 859
"D:/Unreal Projects/Test/Content/MapSprites/BG/BG.uexp" 860
"D:/Unreal Projects/Test/Content/MapSprites/BG/BG_Sprite.uasset" 861
"D:/Unreal Projects/Test/Content/MapSprites/BG/BG_Sprite.uexp" 862
"D:/Unreal Projects/Test/Content/Maps/Map1.uexp" 863
"D:/Unreal Projects/Test/Content/Maps/Map1.umap" 864
